[Cartago] Workspace mining created.
[Cartago] artifact mine_env: mining.MiningPlanet(1,0) at mining created.
[miner1] join workspace /main/mining: done
[miner1] focusing on artifact mine_env (at workspace /main/mining) using namespace default
[miner3] join workspace /main/mining: done
[miner3] focusing on artifact mine_env (at workspace /main/mining) using namespace default
[miner2] join workspace /main/mining: done
[miner1] focus on mine_env: done
[miner2] focusing on artifact mine_env (at workspace /main/mining) using namespace default
[miner3] focus on mine_env: done
[miner4] join workspace /main/mining: done
[miner4] focusing on artifact mine_env (at workspace /main/mining) using namespace default
[miner2] focus on mine_env: done
[miner4] focus on mine_env: done
[leader] join workspace /main/mining: done
[leader] focusing on artifact mine_env (at workspace /main/mining) using namespace default
[miner1] Implement Task 1
[leader] focus on mine_env: done
[miner3] Implement Task 1
[miner4] Implement Task 1
[miner2] Implement Task 1
[miner4] I will create the goal to explore (13,4)
[miner3] I will create the goal to explore (3,7)
[miner1] I will create the goal to explore (9,16)
[miner2] I will create the goal to explore (1,13)
[miner3] I am at (4,7) which is adjacent to (3,7)
[miner3] I will create the goal to explore (12,3)
[leader] No failure event was generated for +!work_on_base[agent_not_found(miner),code(.send(miner,tell,mine_base(14,19))),code_line(24),code_src("file:src/agt/leader.asl"),error(receiver_not_found),error_msg("Receiver 'miner' does not exist! Could not send <mid1,leader,tell,miner,mine_base(14,19)>"),source(self)]
intention 14: 
    +!work_on_base[source(self)] <- ... .send(miner,tell,mine_base(X,Y)); !work_on_base / {H=21, X=14, Y=19, _409=0, _408=0, W=21}
    +!start[source(self)] <- ... !work_on_base / {}

[leader] Error in internal action '.send(miner,tell,mine_base(X,Y))' (file:src/agt/leader.asl:24): Receiver 'miner' does not exist! Could not send <mid1,leader,tell,miner,mine_base(14,19)>
[miner4] I am at (12,5) which is adjacent to (13,4)
[miner4] I will create the goal to explore (3,18)
[miner1] I am at (8,15) which is adjacent to (9,16)
[miner1] I will create the goal to explore (0,5)
[miner2] I am at (2,12) which is adjacent to (1,13)
[miner2] I will create the goal to explore (17,11)
