[Cartago] Workspace mining created.
[Cartago] artifact mine_env: mining.MiningPlanet(1,0) at mining created.
[miner4] join workspace /main/mining: done
[miner4] focusing on artifact mine_env (at workspace /main/mining) using namespace default
[leader] join workspace /main/mining: done
[leader] focusing on artifact mine_env (at workspace /main/mining) using namespace default
[miner4] focus on mine_env: done
[leader] focus on mine_env: done
[miner] join workspace /main/mining: done
[miner] focusing on artifact mine_env (at workspace /main/mining) using namespace default
[miner3] join workspace /main/mining: done
[miner3] focusing on artifact mine_env (at workspace /main/mining) using namespace default
[miner2] join workspace /main/mining: done
[miner4] Implement Task 1
[miner] focus on mine_env: done
[miner3] focus on mine_env: done
[miner] Implement Task 1
[miner2] focusing on artifact mine_env (at workspace /main/mining) using namespace default
[miner4] I will create the goal to explore (19,0)
[miner] I will create the goal to explore (3,16)
[miner3] Implement Task 1
[miner2] focus on mine_env: done
[miner3] I will create the goal to explore (14,5)
[miner2] Implement Task 1
[miner2] I will create the goal to explore (17,3)
[miner3] I am at (14,4) which is adjacent to (14,5)
[miner3] I will create the goal to explore (6,1)
[miner3] Gold perceived: gold(11,1)
[miner4] Gold perceived: gold(11,1)
[miner] Gold perceived: gold(11,1)
[miner2] Gold perceived: gold(11,1)
[miner] Dropping near(_,_) desires and intentions to handle gold(11,1)
[miner4] Dropping near(_,_) desires and intentions to handle gold(11,1)
[miner2] Dropping near(_,_) desires and intentions to handle gold(11,1)
[miner3] Dropping near(_,_) desires and intentions to handle gold(11,1)
[miner] Handling gold(11,1) now.
[miner2] Handling gold(11,1) now.
[miner3] Handling gold(11,1) now.
[miner4] Handling gold(11,1) now.
[miner3] I've reached 11x1
[WorldModel] Agent 1 is trying the pick gold, but there is no gold at 8x1!
[miner3] failed to catch gold gold(11,1)
[miner] I've reached 11x1
[miner3] I will create the goal to explore (12,14)
[miner3] Gold perceived: gold(11,1)
[miner3] Dropping near(_,_) desires and intentions to handle gold(11,1)
[miner3] Handling gold(11,1) now.
[WorldModel] Agent 1 is trying the pick gold, but there is no gold at 14x1!
[miner] failed to catch gold gold(11,1)
[miner] I will create the goal to explore (9,18)
[miner] Gold perceived: gold(11,1)
[miner] Dropping near(_,_) desires and intentions to handle gold(11,1)
[miner] Handling gold(11,1) now.
[miner2] I've reached 11x1
[miner] I've reached 11x1
[WorldModel] Agent 1 is trying the pick gold, but there is no gold at 10x2!
[WorldModel] Agent 1 is trying the pick gold, but there is no gold at 10x2!
[miner2] failed to catch gold gold(11,1)
[miner] failed to catch gold gold(11,1)
[miner] I will create the goal to explore (0,2)
[miner2] I will create the goal to explore (8,13)
[miner2] Gold perceived: gold(11,1)
[miner] Gold perceived: gold(11,1)
[miner2] Dropping near(_,_) desires and intentions to handle gold(11,1)
[miner] Dropping near(_,_) desires and intentions to handle gold(11,1)
[miner2] Handling gold(11,1) now.
[miner] Handling gold(11,1) now.
[miner4] I've reached 11x1
[WorldModel] Agent 1 is trying the pick gold, but there is no gold at 10x0!
[miner4] failed to catch gold gold(11,1)
[miner4] Gold distances: [d(5,gold(13,3)),d(5,gold(13,3)),d(5,gold(13,3)),d(5,gold(13,3)),d(5,gold(13,3))]5
[miner4] Next gold is gold(13,3)
[miner4] Handling gold(13,3) now.
[miner] I've reached 11x1
[WorldModel] Agent 1 is trying the pick gold, but there is no gold at 11x0!
[miner] failed to catch gold gold(11,1)
[miner] Gold distances: [d(2,gold(11,1)),d(4,gold(13,3)),d(4,gold(13,3)),d(4,gold(13,3)),d(4,gold(13,3)),d(4,gold(13,3)),d(4,gold(13,3)),d(4,gold(13,3))]8
[miner] Next gold is gold(11,1)
[miner] Handling gold(11,1) now.
[miner3] I've reached 11x1
[WorldModel] Agent 1 is trying the pick gold, but there is no gold at 12x2!
[miner3] failed to catch gold gold(11,1)
[miner3] Gold distances: [d(2,gold(13,3)),d(2,gold(13,3)),d(2,gold(13,3)),d(2,gold(13,3)),d(2,gold(13,3)),d(2,gold(13,3)),d(2,gold(13,3)),d(2,gold(13,3)),d(2,gold(13,3))]9
[miner3] Next gold is gold(13,3)
[miner3] Handling gold(13,3) now.
[miner2] I've reached 11x1
[WorldModel] Agent 1 is trying the pick gold, but there is no gold at 10x1!
[miner2] failed to catch gold gold(11,1)
[miner2] Gold distances: [d(5,gold(13,3)),d(5,gold(13,3)),d(5,gold(13,3)),d(5,gold(13,3)),d(5,gold(13,3)),d(5,gold(13,3)),d(5,gold(13,3)),d(5,gold(13,3)),d(5,gold(13,3)),d(5,gold(13,3)),d(5,gold(13,3)),d(5,gold(13,3)),d(5,gold(13,3)),d(5,gold(13,3)),d(5,gold(13,3)),d(5,gold(13,3)),d(5,gold(13,3)),d(5,gold(13,3)),d(5,gold(13,3)),d(5,gold(13,3)),d(5,gold(13,3)),d(5,gold(13,3)),d(5,gold(13,3))]23
[miner2] Next gold is gold(13,3)
[miner2] Handling gold(13,3) now.
[miner] I've reached 11x1
[WorldModel] Agent 1 is trying the pick gold, but there is no gold at 12x2!
[miner] failed to catch gold gold(11,1)
[miner] Gold distances: [d(2,gold(13,3)),d(2,gold(13,3)),d(2,gold(13,3)),d(2,gold(13,3)),d(2,gold(13,3)),d(2,gold(13,3)),d(2,gold(13,3)),d(2,gold(13,3)),d(2,gold(13,3)),d(2,gold(13,3)),d(2,gold(13,3)),d(2,gold(13,3)),d(2,gold(13,3)),d(2,gold(13,3)),d(2,gold(13,3)),d(2,gold(13,3)),d(2,gold(13,3)),d(2,gold(13,3)),d(2,gold(13,3)),d(2,gold(13,3)),d(2,gold(13,3)),d(2,gold(13,3)),d(2,gold(13,3)),d(2,gold(13,3)),d(2,gold(13,3))]25
[miner] Next gold is gold(13,3)
[miner] Handling gold(13,3) now.
[miner2] I've reached 13x3
[WorldModel] Agent 1 is trying the pick gold, but there is no gold at 16x3!
[miner2] failed to catch gold gold(13,3)
[miner2] Gold distances: [d(6,gold(11,1)),d(6,gold(11,1)),d(6,gold(11,1)),d(6,gold(11,1)),d(6,gold(11,1)),d(6,gold(11,1)),d(6,gold(11,1)),d(6,gold(11,1)),d(6,gold(11,1))]9
[miner2] Next gold is gold(11,1)
[miner2] Handling gold(11,1) now.
[miner3] I've reached 13x3
[WorldModel] Agent 1 is trying the pick gold, but there is no gold at 11x3!
[miner3] failed to catch gold gold(13,3)
[miner3] Gold distances: [d(2,gold(11,1)),d(2,gold(11,1)),d(2,gold(11,1)),d(2,gold(11,1)),d(2,gold(11,1)),d(2,gold(11,1)),d(2,gold(11,1)),d(2,gold(11,1)),d(2,gold(11,1)),d(2,gold(11,1)),d(2,gold(11,1)),d(2,gold(11,1)),d(2,gold(11,1)),d(2,gold(11,1)),d(2,gold(11,1)),d(2,gold(11,1)),d(2,gold(11,1)),d(2,gold(11,1)),d(2,gold(11,1)),d(2,gold(11,1)),d(2,gold(11,1)),d(2,gold(11,1)),d(2,gold(11,1)),d(2,gold(11,1)),d(2,gold(11,1)),d(2,gold(11,1)),d(2,gold(11,1)),d(2,gold(11,1)),d(2,gold(11,1)),d(2,gold(11,1)),d(2,gold(11,1)),d(2,gold(11,1))]32
[miner3] Next gold is gold(11,1)
[miner3] Handling gold(11,1) now.
[miner] I've reached 13x3
[WorldModel] Agent 1 is trying the pick gold, but there is no gold at 14x2!
[miner] failed to catch gold gold(13,3)
[miner] I will create the goal to explore (3,5)
[miner] Gold perceived: gold(11,1)
[miner] Dropping near(_,_) desires and intentions to handle gold(11,1)
[miner] Handling gold(11,1) now.
[miner] I've reached 11x1
[WorldModel] Agent 1 is trying the pick gold, but there is no gold at 10x1!
[miner] failed to catch gold gold(11,1)
[miner] Gold distances: [d(4,gold(13,3))]1
[miner] Next gold is gold(13,3)
[miner] Handling gold(13,3) now.
[miner2] I've reached 11x1
[WorldModel] Agent 1 is trying the pick gold, but there is no gold at 14x1!
[miner2] failed to catch gold gold(11,1)
[miner2] Gold distances: [d(3,gold(13,3)),d(3,gold(13,3)),d(3,gold(13,3)),d(3,gold(13,3)),d(3,gold(13,3)),d(3,gold(13,3)),d(3,gold(13,3)),d(3,gold(13,3)),d(3,gold(13,3)),d(3,gold(13,3)),d(3,gold(13,3)),d(3,gold(13,3)),d(3,gold(13,3)),d(3,gold(13,3)),d(3,gold(13,3)),d(3,gold(13,3)),d(3,gold(13,3)),d(3,gold(13,3)),d(3,gold(13,3))]19
[miner2] Next gold is gold(13,3)
[miner2] Handling gold(13,3) now.
[miner2] I've reached 13x3
[miner4] I've reached 13x3
[WorldModel] Agent 1 is trying the pick gold, but there is no gold at 12x3!
[miner2] failed to catch gold gold(13,3)
[miner2] Gold distances: [d(2,gold(11,1)),d(2,gold(11,1)),d(2,gold(11,1)),d(2,gold(11,1)),d(2,gold(11,1))]5
[miner2] Next gold is gold(11,1)
[miner2] Handling gold(11,1) now.
[WorldModel] Agent 1 is trying the pick gold, but there is no gold at 11x3!
[miner4] failed to catch gold gold(13,3)
[miner4] Gold distances: [d(3,gold(11,1)),d(3,gold(11,1)),d(3,gold(11,1)),d(3,gold(11,1)),d(3,gold(11,1)),d(3,gold(11,1)),d(3,gold(11,1)),d(3,gold(11,1)),d(3,gold(11,1)),d(3,gold(11,1)),d(3,gold(11,1)),d(3,gold(11,1)),d(3,gold(11,1)),d(3,gold(11,1)),d(3,gold(11,1)),d(3,gold(11,1)),d(3,gold(11,1)),d(3,gold(11,1)),d(3,gold(11,1)),d(3,gold(11,1)),d(3,gold(11,1)),d(3,gold(11,1)),d(3,gold(11,1)),d(3,gold(11,1)),d(3,gold(11,1)),d(3,gold(11,1)),d(3,gold(11,1)),d(3,gold(11,1)),d(3,gold(11,1)),d(3,gold(11,1)),d(3,gold(11,1)),d(3,gold(11,1)),d(3,gold(11,1)),d(3,gold(11,1)),d(3,gold(11,1)),d(3,gold(11,1)),d(3,gold(11,1)),d(3,gold(11,1)),d(3,gold(11,1)),d(3,gold(11,1)),d(3,gold(11,1)),d(3,gold(11,1)),d(3,gold(11,1)),d(3,gold(11,1)),d(3,gold(11,1)),d(3,gold(11,1)),d(3,gold(11,1)),d(3,gold(11,1)),d(3,gold(11,1)),d(3,gold(11,1)),d(3,gold(11,1)),d(3,gold(11,1)),d(3,gold(11,1)),d(3,gold(11,1)),d(3,gold(11,1)),d(3,gold(11,1)),d(3,gold(11,1)),d(3,gold(11,1)),d(3,gold(11,1)),d(3,gold(11,1)),d(3,gold(11,1)),d(3,gold(11,1)),d(3,gold(11,1)),d(3,gold(11,1)),d(3,gold(11,1)),d(3,gold(11,1)),d(3,gold(11,1)),d(3,gold(11,1)),d(3,gold(11,1)),d(3,gold(11,1)),d(3,gold(11,1)),d(3,gold(11,1)),d(3,gold(11,1)),d(3,gold(11,1)),d(3,gold(11,1)),d(3,gold(11,1)),d(3,gold(11,1)),d(3,gold(11,1)),d(3,gold(11,1)),d(3,gold(11,1)),d(3,gold(11,1)),d(3,gold(11,1)),d(3,gold(11,1)),d(3,gold(11,1)),d(3,gold(11,1)),d(3,gold(11,1)),d(3,gold(11,1)),d(3,gold(11,1)),d(3,gold(11,1)),d(3,gold(11,1)),d(3,gold(11,1)),d(3,gold(11,1))]92
[miner4] Next gold is gold(11,1)
[miner4] Handling gold(11,1) now.
[miner2] I've reached 11x1
[WorldModel] Agent 1 is trying the pick gold, but there is no gold at 9x1!
[miner2] failed to catch gold gold(11,1)
[miner2] Gold distances: [d(5,gold(13,3))]1
[miner2] Next gold is gold(13,3)
[miner2] Handling gold(13,3) now.
[miner] I've reached 13x3
[WorldModel] Agent 1 is trying the pick gold, but there is no gold at 13x2!
[miner] failed to catch gold gold(13,3)
[miner] Gold distances: [d(1,gold(11,1)),d(1,gold(11,1)),d(1,gold(11,1)),d(1,gold(11,1)),d(1,gold(11,1)),d(1,gold(11,1)),d(1,gold(11,1)),d(1,gold(11,1)),d(1,gold(11,1)),d(1,gold(11,1)),d(1,gold(11,1)),d(1,gold(11,1)),d(1,gold(11,1)),d(1,gold(11,1)),d(1,gold(11,1)),d(1,gold(11,1)),d(1,gold(11,1)),d(1,gold(11,1)),d(1,gold(11,1)),d(1,gold(11,1)),d(1,gold(11,1)),d(1,gold(11,1)),d(1,gold(11,1)),d(1,gold(11,1)),d(1,gold(11,1)),d(1,gold(11,1)),d(1,gold(11,1)),d(1,gold(11,1)),d(1,gold(11,1)),d(1,gold(11,1)),d(1,gold(11,1)),d(1,gold(11,1)),d(1,gold(11,1)),d(1,gold(11,1)),d(1,gold(11,1)),d(1,gold(11,1)),d(1,gold(11,1)),d(1,gold(11,1)),d(1,gold(11,1)),d(1,gold(11,1)),d(1,gold(11,1)),d(1,gold(11,1)),d(1,gold(11,1)),d(1,gold(11,1)),d(1,gold(11,1)),d(1,gold(11,1)),d(1,gold(11,1)),d(1,gold(11,1)),d(1,gold(11,1)),d(1,gold(11,1)),d(1,gold(11,1)),d(1,gold(11,1)),d(1,gold(11,1)),d(1,gold(11,1)),d(1,gold(11,1)),d(1,gold(11,1)),d(1,gold(11,1)),d(1,gold(11,1)),d(1,gold(11,1)),d(1,gold(11,1)),d(1,gold(11,1)),d(1,gold(11,1)),d(1,gold(11,1)),d(1,gold(11,1))]64
[miner] Next gold is gold(11,1)
[miner] Handling gold(11,1) now.
[miner4] I've reached 11x1
[WorldModel] Agent 1 is trying the pick gold, but there is no gold at 12x0!
[miner4] failed to catch gold gold(11,1)
[miner4] Gold distances: [d(1,gold(11,1)),d(3,gold(13,3)),d(3,gold(13,3)),d(3,gold(13,3)),d(3,gold(13,3)),d(3,gold(13,3)),d(3,gold(13,3)),d(3,gold(13,3)),d(3,gold(13,3)),d(3,gold(13,3)),d(3,gold(13,3)),d(3,gold(13,3)),d(3,gold(13,3)),d(3,gold(13,3)),d(3,gold(13,3)),d(3,gold(13,3)),d(3,gold(13,3)),d(3,gold(13,3)),d(3,gold(13,3)),d(3,gold(13,3)),d(3,gold(13,3)),d(3,gold(13,3)),d(3,gold(13,3)),d(3,gold(13,3)),d(3,gold(13,3)),d(3,gold(13,3)),d(3,gold(13,3)),d(3,gold(13,3)),d(3,gold(13,3)),d(3,gold(13,3)),d(3,gold(13,3)),d(3,gold(13,3)),d(3,gold(13,3))]33
[miner4] Next gold is gold(11,1)
[miner4] Handling gold(11,1) now.
[miner] I've reached 11x1
[miner3] I've reached 11x1
[WorldModel] Agent 1 is trying the pick gold, but there is no gold at 12x1!
[miner] failed to catch gold gold(11,1)
[miner] Gold distances: [d(3,gold(13,3))]1
[miner] Next gold is gold(13,3)
[miner] Handling gold(13,3) now.
[WorldModel] Agent 1 is trying the pick gold, but there is no gold at 14x1!
[miner3] failed to catch gold gold(11,1)
[miner3] Gold distances: [d(3,gold(13,3)),d(3,gold(13,3)),d(3,gold(13,3)),d(3,gold(13,3)),d(3,gold(13,3)),d(3,gold(13,3)),d(3,gold(13,3)),d(3,gold(13,3)),d(3,gold(13,3)),d(3,gold(13,3)),d(3,gold(13,3)),d(3,gold(13,3)),d(3,gold(13,3)),d(3,gold(13,3)),d(3,gold(13,3)),d(3,gold(13,3)),d(3,gold(13,3)),d(3,gold(13,3)),d(3,gold(13,3)),d(3,gold(13,3)),d(3,gold(13,3)),d(3,gold(13,3)),d(3,gold(13,3)),d(3,gold(13,3)),d(3,gold(13,3)),d(3,gold(13,3)),d(3,gold(13,3)),d(3,gold(13,3)),d(3,gold(13,3)),d(3,gold(13,3)),d(3,gold(13,3)),d(3,gold(13,3)),d(3,gold(13,3)),d(3,gold(13,3)),d(3,gold(13,3)),d(3,gold(13,3)),d(3,gold(13,3)),d(3,gold(13,3)),d(3,gold(13,3)),d(3,gold(13,3)),d(3,gold(13,3)),d(3,gold(13,3)),d(3,gold(13,3)),d(3,gold(13,3)),d(3,gold(13,3)),d(3,gold(13,3)),d(3,gold(13,3)),d(3,gold(13,3)),d(3,gold(13,3)),d(3,gold(13,3)),d(3,gold(13,3)),d(3,gold(13,3)),d(3,gold(13,3)),d(3,gold(13,3)),d(3,gold(13,3)),d(3,gold(13,3)),d(3,gold(13,3)),d(3,gold(13,3))]58
[miner3] Next gold is gold(13,3)
[miner3] Handling gold(13,3) now.
[miner4] I've reached 11x1
[miner4] Successfully picked gold at (11,1)
[miner3] I've reached 13x3
[WorldModel] Agent 1 is trying the pick gold, but there is no gold at 11x2!
[miner3] failed to catch gold gold(13,3)
[miner3] Gold distances: [d(1,gold(11,1)),d(1,gold(11,1)),d(1,gold(11,1)),d(1,gold(11,1))]4
[miner3] Next gold is gold(11,1)
[miner3] Handling gold(11,1) now.
[miner3] I've reached 11x1
[WorldModel] Agent 1 is trying the pick gold, but there is no gold at 13x1!
[miner3] failed to catch gold gold(11,1)
[miner3] I will create the goal to explore (16,8)
[miner] I've reached 13x3
[WorldModel] Agent 1 is trying the pick gold, but there is no gold at 12x2!
[miner] failed to catch gold gold(13,3)
[miner] Gold distances: [d(3,gold(11,1)),d(3,gold(11,1)),d(3,gold(11,1)),d(3,gold(11,1))]4
[miner] Next gold is gold(11,1)
[miner] Handling gold(11,1) now.
[miner2] I've reached 13x3
[WorldModel] Agent 1 is trying the pick gold, but there is no gold at 12x3!
[miner2] failed to catch gold gold(13,3)
[miner2] Gold distances: [d(3,gold(11,1)),d(3,gold(11,1)),d(3,gold(11,1)),d(3,gold(11,1)),d(3,gold(11,1)),d(3,gold(11,1)),d(3,gold(11,1)),d(3,gold(11,1)),d(3,gold(11,1)),d(3,gold(11,1)),d(3,gold(11,1)),d(3,gold(11,1)),d(3,gold(11,1)),d(3,gold(11,1)),d(3,gold(11,1)),d(3,gold(11,1)),d(3,gold(11,1)),d(3,gold(11,1)),d(3,gold(11,1)),d(3,gold(11,1)),d(3,gold(11,1)),d(3,gold(11,1)),d(3,gold(11,1)),d(3,gold(11,1)),d(3,gold(11,1)),d(3,gold(11,1)),d(3,gold(11,1)),d(3,gold(11,1)),d(3,gold(11,1)),d(3,gold(11,1)),d(3,gold(11,1)),d(3,gold(11,1)),d(3,gold(11,1)),d(3,gold(11,1)),d(3,gold(11,1)),d(3,gold(11,1)),d(3,gold(11,1)),d(3,gold(11,1)),d(3,gold(11,1)),d(3,gold(11,1)),d(3,gold(11,1)),d(3,gold(11,1)),d(3,gold(11,1)),d(3,gold(11,1)),d(3,gold(11,1)),d(3,gold(11,1)),d(3,gold(11,1)),d(3,gold(11,1)),d(3,gold(11,1)),d(3,gold(11,1)),d(3,gold(11,1)),d(3,gold(11,1)),d(3,gold(11,1)),d(3,gold(11,1)),d(3,gold(11,1))]55
[miner2] Next gold is gold(11,1)
[miner2] Handling gold(11,1) now.
[miner2] I've reached 11x1
[WorldModel] Agent 1 is trying the pick gold, but there is no gold at 9x2!
[miner2] failed to catch gold gold(11,1)
[miner2] Gold distances: [d(5,gold(13,3))]1
[miner2] Next gold is gold(13,3)
[miner2] Handling gold(13,3) now.
[miner] I've reached 11x1
[WorldModel] Agent 1 is trying the pick gold, but there is no gold at 12x1!
[miner] failed to catch gold gold(11,1)
[miner] Gold distances: [d(2,gold(13,3)),d(2,gold(13,3)),d(2,gold(13,3)),d(2,gold(13,3)),d(2,gold(13,3)),d(2,gold(13,3)),d(2,gold(13,3)),d(2,gold(13,3)),d(2,gold(13,3)),d(2,gold(13,3)),d(2,gold(13,3)),d(2,gold(13,3)),d(2,gold(13,3)),d(2,gold(13,3)),d(2,gold(13,3)),d(2,gold(13,3)),d(2,gold(13,3)),d(2,gold(13,3)),d(2,gold(13,3)),d(2,gold(13,3)),d(2,gold(13,3)),d(2,gold(13,3)),d(2,gold(13,3)),d(2,gold(13,3)),d(2,gold(13,3)),d(2,gold(13,3)),d(2,gold(13,3)),d(2,gold(13,3)),d(2,gold(13,3)),d(2,gold(13,3)),d(2,gold(13,3)),d(2,gold(13,3)),d(2,gold(13,3)),d(2,gold(13,3)),d(2,gold(13,3)),d(2,gold(13,3)),d(2,gold(13,3)),d(2,gold(13,3)),d(2,gold(13,3)),d(2,gold(13,3))]40
[miner] Next gold is gold(13,3)
[miner] Handling gold(13,3) now.
[miner] I've reached 13x3
[miner2] I've reached 13x3
[WorldModel] Agent 1 is trying the pick gold, but there is no gold at 12x3!
[miner] failed to catch gold gold(13,3)
[miner] I will create the goal to explore (13,9)
[WorldModel] Agent 1 is trying the pick gold, but there is no gold at 12x3!
[miner2] failed to catch gold gold(13,3)
[miner2] I will create the goal to explore (7,2)
