[Cartago] Workspace mining created.
[Cartago] artifact mine_env_2: mining.MiningPlanet(1,0) at mining created.
[Cartago] artifact mine_env_3: mining.MiningPlanet(1,0) at mining created.
[Cartago] artifact mine_env_4: mining.MiningPlanet(1,0) at mining created.
[Cartago] artifact mine_env: mining.MiningPlanet(1,0) at mining created.
[miner] join workspace /main/mining: done
[miner] focusing on artifact mine_env (at workspace /main/mining) using namespace default
[leader] join workspace /main/mining: done
[leader] focusing on artifact mine_env (at workspace /main/mining) using namespace default
[miner4] join workspace /main/mining: done
[miner4] focusing on artifact mine_env_4 (at workspace /main/mining) using namespace default
[miner] focus on mine_env: done
[leader] focus on mine_env: done
[miner] Implement Task 1
[miner4] focus on mine_env_4: done
[miner4] Implement Task 1
[miner4] I will create the goal to explore (2,15)
[miner] I will create the goal to explore (18,12)
[miner2] join workspace /main/mining: done
[miner2] focusing on artifact mine_env_2 (at workspace /main/mining) using namespace default
[miner3] join workspace /main/mining: done
[miner3] focusing on artifact mine_env_3 (at workspace /main/mining) using namespace default
[miner3] focus on mine_env_3: done
[miner2] focus on mine_env_2: done
[miner2] Implement Task 1
[miner3] Implement Task 1
[miner3] I will create the goal to explore (17,14)
[miner2] I will create the goal to explore (3,10)
[miner] I am at (17,11) which is adjacent to (18,12)
[miner] I will create the goal to explore (19,11)
[miner] I am at (18,11) which is adjacent to (19,11)
[miner] I will create the goal to explore (5,8)
[miner3] I am at (18,13) which is adjacent to (17,14)
[miner3] I will create the goal to explore (7,1)
[miner4] I am at (2,14) which is adjacent to (2,15)
[miner4] I will create the goal to explore (0,14)
[miner] I am at (5,9) which is adjacent to (5,8)
[miner] I will create the goal to explore (1,15)
[miner2] I am at (4,9) which is adjacent to (3,10)
[miner2] I will create the goal to explore (0,2)
