[Cartago] Workspace mining created.
[Cartago] artifact mine_env: mining.MiningPlanet(7,0) at mining created.
[miner] join workspace /main/mining: done
[miner] focusing on artifact mine_env (at workspace /main/mining) using namespace default
[leader] join workspace /main/mining: done
[leader] focusing on artifact mine_env (at workspace /main/mining) using namespace default
[miner] focus on mine_env: done
[miner] Implement Task 1
[miner] I will create the goal to explore (19,13)
[leader] focus on mine_env: done
[miner] I am at (19,12) which is adjacent to (19,13)
[miner] I will create the goal to explore (0,9)
[miner] I am at (0,10) which is adjacent to (0,9)
[miner] I will create the goal to explore (3,2)
[miner] I am at (3,3) which is adjacent to (3,2)
[miner] I will create the goal to explore (1,3)
[miner] I am at (2,3) which is adjacent to (1,3)
[miner] I will create the goal to explore (11,1)
[miner] Gold perceived: gold(9,3)
[miner] Dropping near(_,_) desires and intentions to handle gold(9,3)
[miner] Handling gold(9,3) now.
[miner] I've reached 9x3
[miner] Successfully picked gold at (9,3)
[miner] I've reached 0x0
[miner] Confirming here
[miner] Dropping gold failed. Retrying to drop gold.
[miner] I've reached 0x0
[miner] Confirming here
[miner] Dropping gold failed. Retrying to drop gold.
[miner] I've reached 0x0
[miner] Confirming here
[miner] Dropping gold failed. Retrying to drop gold.
[miner] I've reached 0x0
[miner] Confirming here
[miner] Dropping gold failed. Retrying to drop gold.
[miner] I've reached 0x0
[miner] Confirming here
[miner] Dropping gold failed. Retrying to drop gold.
[miner] I've reached 0x0
[miner] Confirming here
[miner] Dropping gold failed. Retrying to drop gold.
[miner] I've reached 0x0
[miner] Confirming here
[miner] Dropping gold failed. Retrying to drop gold.
