[Cartago] Workspace mining created.
[Cartago] artifact mine_env: mining.MiningPlanet(1,0) at mining created.
[miner] join workspace /main/mining: done
[miner] focusing on artifact mine_env (at workspace /main/mining) using namespace default
[miner] focus on mine_env: done
[miner] Implement Task 1
[miner] I will create the goal to explore (15,14)
[CAgentArch] Action failed: move_base, in namespace default, operation ( move_base )
[leader] No failure event was generated for +!work_on_base[code(move_base),code_line(17),code_src("file:src/agt/leader.asl"),env_failure_reason(env_failure(action_failed(move_base,op(default,"( move_base )")))),error(action_failed),error_msg("Action failed: move_base, in namespace default, operation ( move_base )"),source(self)]
intention 2: 
    +!work_on_base[source(self)] <- ... move_base; !work_on_base / {}
    +!start[source(self)] <- ... !work_on_base / {}

[miner] I am at (15,13) which is adjacent to (15,14)
[miner] I will create the goal to explore (11,4)
[miner] I am at (11,5) which is adjacent to (11,4)
[miner] I will create the goal to explore (17,16)
[miner] I am at (17,15) which is adjacent to (17,16)
[miner] I will create the goal to explore (5,4)
[miner] I am at (5,5) which is adjacent to (5,4)
[miner] I will create the goal to explore (17,5)
[miner] Gold perceived: gold(7,5)
[miner] Dropping near(_,_) desires and intentions to handle gold(7,5)
[miner] Handling gold(7,5) now.
[miner] I've reached 7x5
[miner] Successfully picked gold at (7,5)
[miner] gold removed
[miner] gold removed
[miner] I've reached 0x0
[WorldModel] Agent 1 carried a gold to depot!
[miner] current_position(0,0)
[miner] Successfully dropped
[miner] Finish handling gold(7,5)
[miner] I will create the goal to explore (1,6)
[miner] I am at (1,5) which is adjacent to (1,6)
[miner] I will create the goal to explore (0,16)
[miner] Gold perceived: gold(1,15)
[miner] Dropping near(_,_) desires and intentions to handle gold(1,15)
[miner] Handling gold(1,15) now.
[miner] I've reached 1x15
[miner] Successfully picked gold at (1,15)
[miner] gold removed
[miner] gold removed
[miner] gold removed
[miner] I've reached 0x0
[WorldModel] Agent 1 carried a gold to depot!
[miner] current_position(0,0)
[miner] Successfully dropped
[miner] Finish handling gold(1,15)
[miner] I will create the goal to explore (2,7)
[miner] I am at (2,6) which is adjacent to (2,7)
[miner] I will create the goal to explore (17,6)
[miner] I am at (16,6) which is adjacent to (17,6)
[miner] I will create the goal to explore (0,14)
[miner] I am at (0,13) which is adjacent to (0,14)
[miner] I will create the goal to explore (11,1)
[miner] I am at (11,2) which is adjacent to (11,1)
[miner] I will create the goal to explore (0,5)
[miner] I am at (0,4) which is adjacent to (0,5)
[miner] I will create the goal to explore (5,5)
[miner] I am at (4,4) which is adjacent to (5,5)
[miner] I will create the goal to explore (18,7)
[miner] I am at (18,6) which is adjacent to (18,7)
[miner] I will create the goal to explore (15,8)
[miner] I am at (15,7) which is adjacent to (15,8)
[miner] I will create the goal to explore (16,10)
[miner] I am at (16,9) which is adjacent to (16,10)
[miner] I will create the goal to explore (18,15)
[miner] I am at (18,14) which is adjacent to (18,15)
[miner] I will create the goal to explore (2,7)
[miner] I am at (2,8) which is adjacent to (2,7)
[miner] I will create the goal to explore (17,18)
[miner] I am at (17,17) which is adjacent to (17,18)
[miner] I will create the goal to explore (2,5)
[miner] I am at (2,6) which is adjacent to (2,5)
[miner] I will create the goal to explore (3,3)
[miner] I am at (3,4) which is adjacent to (3,3)
[miner] I will create the goal to explore (4,2)
[miner] I am at (4,3) which is adjacent to (4,2)
[miner] I will create the goal to explore (4,5)
[miner] I am at (4,4) which is adjacent to (4,5)
[miner] I will create the goal to explore (16,10)
[miner] I am at (16,9) which is adjacent to (16,10)
[miner] I will create the goal to explore (3,12)
[miner] I am at (3,11) which is adjacent to (3,12)
[miner] I will create the goal to explore (17,6)
