[Cartago] Workspace mining created.
[Cartago] artifact mine_env: mining.MiningPlanet(1,0) at mining created.
[miner] join workspace /main/mining: done
[miner] focusing on artifact mine_env (at workspace /main/mining) using namespace default
[miner] focus on mine_env: done
[miner] Implement Task 1
[miner] I will create the goal to explore (14,7)
[miner] I am at (14,6) which is adjacent to (14,7)
[miner] I will create the goal to explore (4,5)
[miner] I am at (5,6) which is adjacent to (4,5)
[miner] I will create the goal to explore (4,9)
[miner] I am at (4,8) which is adjacent to (4,9)
[miner] I will create the goal to explore (16,1)
[miner] Gold perceived: gold(7,9)
[miner] Dropping near(_,_) desires and intentions to handle gold(7,9)
[miner] Handling gold(7,9) now.
[miner] I've reached 7x9
[miner] Successfully picked gold at (7,9)
[miner] gold removed
[miner] gold removed
[miner] gold removed
[miner] I've reached 0x0
[WorldModel] Agent 1 carried a gold to depot!
[miner] current_position(0,0)
[miner] Successfully dropped
[miner] Finish handling gold(7,9)
[miner] I will create the goal to explore (2,7)
[miner] Gold perceived: gold(2,7)
[miner] Dropping near(_,_) desires and intentions to handle gold(2,7)
[miner] Handling gold(2,7) now.
[miner] I've reached 2x7
[miner] Successfully picked gold at (2,7)
[miner] gold removed
[miner] gold removed
[miner] I've reached 0x0
[WorldModel] Agent 1 carried a gold to depot!
[miner] current_position(0,0)
[miner] Successfully dropped
[miner] Finish handling gold(2,7)
[miner] I will create the goal to explore (18,15)
[miner] Gold perceived: gold(13,8)
[miner] Dropping near(_,_) desires and intentions to handle gold(13,8)
[miner] Handling gold(13,8) now.
[miner] I've reached 13x8
[miner] Successfully picked gold at (13,8)
[miner] gold removed
[miner] gold removed
[miner] gold removed
[miner] I've reached 0x0
[WorldModel] Agent 1 carried a gold to depot!
[miner] current_position(0,0)
[miner] Successfully dropped
[miner] Finish handling gold(13,8)
[miner] I will create the goal to explore (11,1)
[miner] I am at (10,0) which is adjacent to (11,1)
[miner] I will create the goal to explore (15,16)
[miner] Gold perceived: gold(12,13)
[miner] Dropping near(_,_) desires and intentions to handle gold(12,13)
[miner] Handling gold(12,13) now.
[miner] I've reached 12x13
[miner] Successfully picked gold at (12,13)
[miner] gold removed
[miner] gold removed
[miner] gold removed
[miner] I've reached 0x0
[WorldModel] Agent 1 carried a gold to depot!
[miner] current_position(0,0)
[miner] Successfully dropped
[miner] Finish handling gold(12,13)
[miner] I will create the goal to explore (17,10)
[miner] I am at (17,9) which is adjacent to (17,10)
[miner] I will create the goal to explore (2,17)
[miner] I am at (2,16) which is adjacent to (2,17)
[miner] I will create the goal to explore (8,11)
[miner] I am at (8,12) which is adjacent to (8,11)
[miner] I will create the goal to explore (15,17)
[miner] I am at (15,16) which is adjacent to (15,17)
[miner] I will create the goal to explore (5,1)
[miner] I am at (5,2) which is adjacent to (5,1)
[miner] I will create the goal to explore (12,2)
[miner] I am at (11,2) which is adjacent to (12,2)
[miner] I will create the goal to explore (2,14)
[miner] I am at (2,13) which is adjacent to (2,14)
[miner] I will create the goal to explore (19,13)
[miner] I am at (18,13) which is adjacent to (19,13)
[miner] I will create the goal to explore (1,4)
[miner] I am at (1,5) which is adjacent to (1,4)
[miner] I will create the goal to explore (3,3)
[miner] I am at (3,4) which is adjacent to (3,3)
[miner] I will create the goal to explore (12,19)
[miner] I am at (12,18) which is adjacent to (12,19)
[miner] I will create the goal to explore (0,10)
[miner] I am at (0,11) which is adjacent to (0,10)
[miner] I will create the goal to explore (0,2)
[miner] I am at (0,3) which is adjacent to (0,2)
[miner] I will create the goal to explore (6,0)
[miner] I am at (6,1) which is adjacent to (6,0)
[miner] I will create the goal to explore (7,2)
[miner] I am at (6,1) which is adjacent to (7,2)
[miner] I will create the goal to explore (14,10)
[miner] I am at (14,9) which is adjacent to (14,10)
[miner] I will create the goal to explore (0,11)
[miner] I am at (0,10) which is adjacent to (0,11)
[miner] I will create the goal to explore (3,4)
[miner] I am at (3,5) which is adjacent to (3,4)
[miner] I will create the goal to explore (13,8)
[miner] I am at (13,7) which is adjacent to (13,8)
[miner] I will create the goal to explore (0,1)
[miner] I am at (0,2) which is adjacent to (0,1)
[miner] I will create the goal to explore (19,14)
[miner] I am at (19,13) which is adjacent to (19,14)
[miner] I will create the goal to explore (19,7)
[miner] I am at (19,8) which is adjacent to (19,7)
[miner] I will create the goal to explore (15,16)
[miner] I am at (15,15) which is adjacent to (15,16)
[miner] I will create the goal to explore (15,9)
[miner] I am at (15,10) which is adjacent to (15,9)
[miner] I will create the goal to explore (2,14)
[miner] I am at (2,13) which is adjacent to (2,14)
[miner] I will create the goal to explore (11,5)
[miner] I am at (11,6) which is adjacent to (11,5)
[miner] I will create the goal to explore (3,16)
[miner] I am at (3,15) which is adjacent to (3,16)
[miner] I will create the goal to explore (10,1)
[miner] I am at (10,2) which is adjacent to (10,1)
[miner] I will create the goal to explore (4,19)
[miner] I am at (4,18) which is adjacent to (4,19)
[miner] I will create the goal to explore (12,17)
[miner] I am at (11,18) which is adjacent to (12,17)
[miner] I will create the goal to explore (18,16)
[miner] I am at (18,17) which is adjacent to (18,16)
[miner] I will create the goal to explore (15,12)
[miner] I am at (15,13) which is adjacent to (15,12)
[miner] I will create the goal to explore (3,4)
[miner] I am at (3,5) which is adjacent to (3,4)
[miner] I will create the goal to explore (12,17)
[miner] I am at (12,16) which is adjacent to (12,17)
[miner] I will create the goal to explore (3,19)
[miner] I am at (3,18) which is adjacent to (3,19)
[miner] I will create the goal to explore (0,17)
[miner] I am at (1,18) which is adjacent to (0,17)
[miner] I will create the goal to explore (3,16)
[miner] I am at (3,17) which is adjacent to (3,16)
[miner] I will create the goal to explore (6,6)
[miner] I am at (6,7) which is adjacent to (6,6)
[miner] I will create the goal to explore (17,2)
[miner] I am at (17,3) which is adjacent to (17,2)
[miner] I will create the goal to explore (11,6)
[miner] I am at (11,5) which is adjacent to (11,6)
[miner] I will create the goal to explore (12,2)
[miner] I am at (12,3) which is adjacent to (12,2)
[miner] I will create the goal to explore (9,2)
[miner] I am at (10,3) which is adjacent to (9,2)
[miner] I will create the goal to explore (9,18)
[miner] I am at (9,17) which is adjacent to (9,18)
[miner] I will create the goal to explore (6,15)
[miner] I am at (6,16) which is adjacent to (6,15)
[miner] I will create the goal to explore (8,2)
[miner] I am at (8,3) which is adjacent to (8,2)
[miner] I will create the goal to explore (9,12)
[miner] I am at (9,11) which is adjacent to (9,12)
[miner] I will create the goal to explore (13,18)
[miner] I am at (13,17) which is adjacent to (13,18)
[miner] I will create the goal to explore (15,17)
[miner] I am at (14,17) which is adjacent to (15,17)
[miner] I will create the goal to explore (6,0)
[miner] I am at (6,1) which is adjacent to (6,0)
[miner] I will create the goal to explore (3,12)
[miner] I am at (3,11) which is adjacent to (3,12)
[miner] I will create the goal to explore (9,0)
[miner] I am at (9,1) which is adjacent to (9,0)
[miner] I will create the goal to explore (9,1)
[miner] I am at (9,1) which is adjacent to (9,1)
[miner] I will create the goal to explore (0,10)
[miner] I am at (0,9) which is adjacent to (0,10)
[miner] I will create the goal to explore (13,12)
[miner] I am at (13,11) which is adjacent to (13,12)
[miner] I will create the goal to explore (13,10)
[miner] I am at (13,11) which is adjacent to (13,10)
[miner] I will create the goal to explore (4,4)
[miner] I am at (4,5) which is adjacent to (4,4)
[miner] I will create the goal to explore (17,15)
[miner] I am at (17,14) which is adjacent to (17,15)
[miner] I will create the goal to explore (8,15)
[miner] I am at (9,14) which is adjacent to (8,15)
[miner] I will create the goal to explore (1,11)
[miner] I am at (1,12) which is adjacent to (1,11)
[miner] I will create the goal to explore (0,6)
[miner] I am at (0,7) which is adjacent to (0,6)
[miner] I will create the goal to explore (15,12)
[miner] I am at (15,11) which is adjacent to (15,12)
[miner] I will create the goal to explore (15,19)
[miner] I am at (15,18) which is adjacent to (15,19)
[miner] I will create the goal to explore (15,10)
[miner] I am at (15,11) which is adjacent to (15,10)
[miner] I will create the goal to explore (2,2)
