[Cartago] Workspace mining created.
[Cartago] artifact mine_env_2: mining.MiningPlanet(1,1) at mining created.
[Cartago] artifact mine_env_3: mining.MiningPlanet(1,2) at mining created.
[Cartago] artifact mine_env_4: mining.MiningPlanet(1,3) at mining created.
[Cartago] artifact mine_env: mining.MiningPlanet(1,0) at mining created.
[leader] join workspace /main/mining: done
[leader] focusing on artifact mine_env (at workspace /main/mining) using namespace default
[miner2] join workspace /main/mining: done
[miner4] join workspace /main/mining: done
[miner2] focusing on artifact mine_env_2 (at workspace /main/mining) using namespace default
[miner4] focusing on artifact mine_env_4 (at workspace /main/mining) using namespace default
[miner3] join workspace /main/mining: done
[miner2] focus on mine_env_2: done
[miner3] focusing on artifact mine_env_3 (at workspace /main/mining) using namespace default
[miner] join workspace /main/mining: done
[miner4] focus on mine_env_4: done
[miner] focusing on artifact mine_env (at workspace /main/mining) using namespace default
[miner3] focus on mine_env_3: done
[miner2] Implement Task 1
[miner4] Implement Task 1
[miner4] I will create the goal to explore (12,12)
[miner] focus on mine_env: done
[miner2] I will create the goal to explore (1,1)
[miner3] Implement Task 1
[miner] Implement Task 1
[miner3] I will create the goal to explore (8,18)
[miner] I will create the goal to explore (1,10)
[leader] focus on mine_env: done
[miner3] I am at (8,19) which is adjacent to (8,18)
[miner] I am at (1,9) which is adjacent to (1,10)
[miner3] I will create the goal to explore (18,12)
[miner] I will create the goal to explore (18,13)
[miner4] I am at (12,13) which is adjacent to (12,12)
[miner4] I will create the goal to explore (16,10)
[miner2] I am at (2,0) which is adjacent to (1,1)
[miner2] I will create the goal to explore (10,16)
[miner4] I am at (16,11) which is adjacent to (16,10)
[miner4] I will create the goal to explore (8,5)
[miner3] I am at (18,13) which is adjacent to (18,12)
[miner3] I will create the goal to explore (14,6)
[miner] I am at (18,12) which is adjacent to (18,13)
[miner] I will create the goal to explore (7,3)
[miner4] I am at (8,6) which is adjacent to (8,5)
[miner4] I will create the goal to explore (0,5)
[miner3] I am at (14,7) which is adjacent to (14,6)
[miner3] I will create the goal to explore (6,12)
[miner2] I am at (10,15) which is adjacent to (10,16)
[miner4] I am at (1,6) which is adjacent to (0,5)
[miner2] I will create the goal to explore (8,0)
[miner4] I will create the goal to explore (2,0)
[miner4] I am at (2,1) which is adjacent to (2,0)
[miner3] I am at (6,11) which is adjacent to (6,12)
[miner4] I will create the goal to explore (16,0)
[miner3] I will create the goal to explore (0,13)
[miner] I am at (7,4) which is adjacent to (7,3)
[miner] I will create the goal to explore (8,8)
[miner] Gold perceived: gold(7,7)
[miner] Dropping near(_,_) desires and intentions to handle gold(7,7)
[miner] Handling gold(7,7) now.
[miner2] Gold perceived: gold(7,7)
[miner2] Dropping near(_,_) desires and intentions to handle gold(7,7)
[miner2] Handling gold(7,7) now.
[miner2] I've reached 7x7
[miner2] Successfully picked gold at (7,7)
[miner3] I am at (0,12) which is adjacent to (0,13)
[miner3] I will create the goal to explore (2,13)
[miner3] I am at (1,12) which is adjacent to (2,13)
[miner3] I will create the goal to explore (13,13)
[miner] I've reached 7x7
[WorldModel] Agent 1 is trying the pick gold, but there is no gold at 7x7!
[miner] failed to catch gold gold(7,7)
[miner] I will create the goal to explore (9,4)
[miner4] I am at (15,1) which is adjacent to (16,0)
[miner4] I will create the goal to explore (11,1)
[miner] I am at (9,5) which is adjacent to (9,4)
[miner] I will create the goal to explore (13,0)
[miner4] I am at (12,1) which is adjacent to (11,1)
[miner4] I will create the goal to explore (19,12)
[miner3] I am at (12,12) which is adjacent to (13,13)
[miner3] I will create the goal to explore (2,2)
[miner2] I've reached 0x0
[miner2] Dropping gold failed. Retrying to drop gold.
[miner] I am at (13,1) which is adjacent to (13,0)
[miner] I will create the goal to explore (4,2)
[miner] I am at (5,1) which is adjacent to (4,2)
[miner] I will create the goal to explore (15,19)
[miner2] I've reached 0x0
[miner2] failed to handle gold(7,7), it isn't in the BB anyway
[miner2] I will create the goal to explore (15,9)
[miner4] I am at (19,11) which is adjacent to (19,12)
[miner4] I will create the goal to explore (12,2)
[miner3] I am at (2,3) which is adjacent to (2,2)
[miner3] I will create the goal to explore (6,4)
[miner3] Gold perceived: gold(4,3)
[miner3] Dropping near(_,_) desires and intentions to handle gold(4,3)
[miner3] Handling gold(4,3) now.
[miner3] I've reached 4x3
[miner3] Successfully picked gold at (4,3)
[miner] Gold perceived: gold(14,11)
[miner] Dropping near(_,_) desires and intentions to handle gold(14,11)
[miner] Handling gold(14,11) now.
[miner3] I've reached 0x0
[miner3] Dropping gold failed. Retrying to drop gold.
[miner] I've reached 14x11
[miner] Successfully picked gold at (14,11)
[miner4] I am at (12,3) which is adjacent to (12,2)
[miner4] I will create the goal to explore (15,10)
[miner2] I am at (15,8) which is adjacent to (15,9)
[miner2] I will create the goal to explore (4,12)
[miner3] I've reached 0x0
[miner3] failed to handle gold(4,3), it isn't in the BB anyway
[miner3] I will create the goal to explore (18,9)
[miner4] I am at (15,9) which is adjacent to (15,10)
[miner4] I will create the goal to explore (9,6)
[miner] I've reached 7x18
[miner] Dropping gold failed. Retrying to drop gold.
[miner4] I am at (9,7) which is adjacent to (9,6)
[miner4] I will create the goal to explore (4,8)
[miner2] I am at (4,11) which is adjacent to (4,12)
[miner2] I will create the goal to explore (12,12)
[miner4] I am at (5,7) which is adjacent to (4,8)
[miner4] I will create the goal to explore (3,10)
[miner4] I am at (3,9) which is adjacent to (3,10)
[miner4] I will create the goal to explore (3,2)
[miner2] I am at (11,11) which is adjacent to (12,12)
[miner2] I will create the goal to explore (8,11)
[miner2] I am at (9,11) which is adjacent to (8,11)
[miner2] I will create the goal to explore (18,10)
[miner4] I am at (3,3) which is adjacent to (3,2)
[miner4] I will create the goal to explore (4,11)
[miner3] I am at (18,8) which is adjacent to (18,9)
[miner3] I will create the goal to explore (7,5)
[miner2] I am at (17,11) which is adjacent to (18,10)
[miner2] I will create the goal to explore (0,18)
[miner4] I am at (4,10) which is adjacent to (4,11)
[miner4] I will create the goal to explore (4,3)
[miner] I've reached 3x5
[miner] Successfully dropped gold
[WorldModel] Agent 1 carried a gold to depot!
[miner] Finish handling gold(14,11)
[miner] Gold distances: [d(18,gold(11,15)),d(18,gold(11,15))]2
[miner] Next gold is gold(11,15)
[miner] Handling gold(11,15) now.
[miner4] I am at (4,4) which is adjacent to (4,3)
[miner4] I will create the goal to explore (4,13)
[miner3] I am at (7,6) which is adjacent to (7,5)
[miner3] I will create the goal to explore (0,14)
[miner4] I am at (4,12) which is adjacent to (4,13)
[miner4] I will create the goal to explore (14,16)
[miner2] I am at (0,17) which is adjacent to (0,18)
[miner2] I will create the goal to explore (6,7)
[miner] I've reached 11x15
[miner] Successfully picked gold at (11,15)
[miner3] I am at (1,14) which is adjacent to (0,14)
[miner3] I will create the goal to explore (11,6)
[miner4] I am at (13,16) which is adjacent to (14,16)
[miner4] I will create the goal to explore (15,7)
[miner2] I am at (5,8) which is adjacent to (6,7)
[miner2] I will create the goal to explore (6,10)
[miner2] I am at (5,9) which is adjacent to (6,10)
[miner2] I will create the goal to explore (16,8)
[miner4] I am at (15,8) which is adjacent to (15,7)
[miner4] I will create the goal to explore (8,7)
[miner] I've reached 3x5
[miner] Dropping gold failed. Retrying to drop gold.
[miner3] I am at (11,7) which is adjacent to (11,6)
[miner3] I will create the goal to explore (6,14)
[miner2] I am at (15,9) which is adjacent to (16,8)
[miner2] I will create the goal to explore (12,7)
[miner4] I am at (9,7) which is adjacent to (8,7)
[miner4] I will create the goal to explore (2,17)
[miner2] I am at (12,8) which is adjacent to (12,7)
[miner2] I will create the goal to explore (2,10)
[miner3] I am at (6,13) which is adjacent to (6,14)
[miner3] I will create the goal to explore (14,7)
[miner] I've reached 11x6
[miner4] Gold perceived: gold(5,14)
[miner4] Dropping near(_,_) desires and intentions to handle gold(5,14)
[miner4] Handling gold(5,14) now.
[miner] Dropping gold failed. Retrying to drop gold.
[miner2] I am at (2,9) which is adjacent to (2,10)
[miner2] I will create the goal to explore (12,13)
[miner4] I've reached 5x14
[miner4] Successfully picked gold at (5,14)
[miner3] I am at (14,8) which is adjacent to (14,7)
[miner3] I will create the goal to explore (6,19)
[miner2] I am at (12,12) which is adjacent to (12,13)
[miner2] I will create the goal to explore (13,5)
[miner2] I am at (13,6) which is adjacent to (13,5)
[miner2] I will create the goal to explore (17,10)
[miner4] I've reached 0x0
[miner4] Successfully dropped gold
[WorldModel] Agent 4 carried a gold to depot!
[miner4] Finish handling gold(5,14)
[miner4] I will create the goal to explore (9,8)
[miner3] I am at (6,18) which is adjacent to (6,19)
[miner3] I will create the goal to explore (8,11)
[miner] I've reached 0x0
[miner2] I am at (17,9) which is adjacent to (17,10)
[miner2] I will create the goal to explore (16,16)
[miner] Successfully dropped gold
[WorldModel] Agent 1 carried a gold to depot!
[miner] Finish handling gold(11,15)
[miner] Gold distances: [d(19,gold(7,12)),d(19,gold(7,12)),d(19,gold(7,12)),d(19,gold(7,12)),d(19,gold(7,12))]5
[miner] Next gold is gold(7,12)
[miner] Handling gold(7,12) now.
[miner3] I am at (8,12) which is adjacent to (8,11)
[miner3] I will create the goal to explore (16,13)
[miner2] I am at (16,15) which is adjacent to (16,16)
[miner2] I will create the goal to explore (4,9)
[miner3] I am at (15,12) which is adjacent to (16,13)
[miner3] I will create the goal to explore (1,5)
[miner4] I am at (9,7) which is adjacent to (9,8)
[miner4] I will create the goal to explore (1,15)
[miner] I've reached 7x12
[miner] Successfully picked gold at (7,12)
[miner2] I am at (4,10) which is adjacent to (4,9)
[miner2] I will create the goal to explore (10,17)
[miner4] I am at (1,14) which is adjacent to (1,15)
[miner4] I will create the goal to explore (14,9)
[miner3] I am at (1,6) which is adjacent to (1,5)
[miner3] I will create the goal to explore (10,17)
[miner2] I am at (10,16) which is adjacent to (10,17)
[miner2] I will create the goal to explore (11,0)
[miner] I've reached 0x0
[miner] Dropping gold failed. Retrying to drop gold.
[miner4] I am at (14,10) which is adjacent to (14,9)
[miner4] I will create the goal to explore (14,1)
[miner3] I am at (10,16) which is adjacent to (10,17)
[miner3] I will create the goal to explore (3,13)
[miner2] I am at (11,1) which is adjacent to (11,0)
[miner2] I will create the goal to explore (19,16)
[miner4] I am at (14,2) which is adjacent to (14,1)
[miner4] I will create the goal to explore (8,12)
[miner] I've reached 2x1
[miner] Successfully dropped gold
[WorldModel] Agent 1 is trying the drop gold, but there is no depot at 2x1!
[miner] Finish handling gold(7,12)
[miner] Gold distances: [d(0,gold(2,1))]1
[miner] Next gold is gold(2,1)
[miner] Handling gold(2,1) now.
[miner] I've reached 2x1
[WorldModel] Agent 1 is trying the pick gold, but it is already carrying gold!
[miner] Successfully picked gold at (2,1)
[miner3] I am at (3,14) which is adjacent to (3,13)
[miner3] I will create the goal to explore (7,9)
[miner4] I am at (8,11) which is adjacent to (8,12)
[miner4] I will create the goal to explore (19,9)
[miner3] I am at (7,10) which is adjacent to (7,9)
[miner3] I will create the goal to explore (3,14)
[miner] I've reached 9x5
[miner] Successfully dropped gold
[WorldModel] Agent 1 carried a gold to depot!
[miner] Finish handling gold(2,1)
[miner] Gold distances: [d(11,gold(2,1))]1
[miner] Next gold is gold(2,1)
[miner] Handling gold(2,1) now.
[miner2] I am at (19,15) which is adjacent to (19,16)
[miner2] I will create the goal to explore (14,8)
[miner3] I am at (3,13) which is adjacent to (3,14)
[miner3] I will create the goal to explore (15,0)
[miner4] I am at (19,10) which is adjacent to (19,9)
[miner4] I will create the goal to explore (1,12)
[miner] I've reached 2x1
[miner] Successfully picked gold at (2,1)
[miner2] I am at (14,9) which is adjacent to (14,8)
[miner2] I will create the goal to explore (2,5)
[miner] I've reached 9x5
[miner] Successfully dropped gold
[WorldModel] Agent 1 carried a gold to depot!
[miner] Finish handling gold(2,1)
[miner] I will create the goal to explore (3,0)
[miner4] I am at (1,11) which is adjacent to (1,12)
[miner4] I will create the goal to explore (14,15)
[miner3] I am at (15,1) which is adjacent to (15,0)
[miner3] I will create the goal to explore (0,13)
[miner2] I am at (2,6) which is adjacent to (2,5)
[miner2] I will create the goal to explore (8,6)
[miner] I am at (3,1) which is adjacent to (3,0)
[miner] I will create the goal to explore (18,18)
[miner2] I am at (7,6) which is adjacent to (8,6)
[miner2] I will create the goal to explore (17,12)
[miner4] I am at (14,14) which is adjacent to (14,15)
[miner4] I will create the goal to explore (19,13)
[miner4] I am at (18,14) which is adjacent to (19,13)
[miner4] I will create the goal to explore (18,4)
[miner2] I am at (17,11) which is adjacent to (17,12)
[miner2] I will create the goal to explore (1,9)
[miner4] I am at (18,5) which is adjacent to (18,4)
[miner4] I will create the goal to explore (0,13)
[miner3] I am at (0,12) which is adjacent to (0,13)
[miner3] I will create the goal to explore (4,11)
[miner3] I am at (3,12) which is adjacent to (4,11)
[miner3] I will create the goal to explore (16,12)
[miner2] I am at (1,10) which is adjacent to (1,9)
[miner2] I will create the goal to explore (6,13)
[miner] I am at (18,17) which is adjacent to (18,18)
[miner] I will create the goal to explore (15,9)
[miner2] I am at (6,12) which is adjacent to (6,13)
[miner2] I will create the goal to explore (14,13)
[miner3] I am at (15,12) which is adjacent to (16,12)
[miner3] I will create the goal to explore (10,13)
[miner3] I am at (11,12) which is adjacent to (10,13)
[miner3] I will create the goal to explore (1,0)
[miner] I am at (15,10) which is adjacent to (15,9)
[miner] I will create the goal to explore (9,15)
[miner2] I am at (13,12) which is adjacent to (14,13)
[miner2] I will create the goal to explore (14,17)
[miner4] I am at (0,12) which is adjacent to (0,13)
[miner4] I will create the goal to explore (14,17)
[miner2] I am at (14,16) which is adjacent to (14,17)
[miner2] I will create the goal to explore (15,19)
[miner2] I am at (15,18) which is adjacent to (15,19)
[miner2] I will create the goal to explore (6,9)
[miner] I am at (9,14) which is adjacent to (9,15)
[miner] I will create the goal to explore (6,14)
[miner] I am at (7,14) which is adjacent to (6,14)
[miner] I will create the goal to explore (0,14)
[miner4] I am at (13,16) which is adjacent to (14,17)
[miner4] I will create the goal to explore (2,19)
[miner3] I am at (1,1) which is adjacent to (1,0)
[miner] I am at (1,14) which is adjacent to (0,14)
[miner3] I will create the goal to explore (16,18)
[miner] I will create the goal to explore (2,18)
[miner] I am at (2,17) which is adjacent to (2,18)
[miner] I will create the goal to explore (1,4)
[miner2] I am at (6,10) which is adjacent to (6,9)
[miner2] I will create the goal to explore (5,7)
[miner2] I am at (5,8) which is adjacent to (5,7)
[miner2] I will create the goal to explore (9,2)
[miner4] I am at (2,18) which is adjacent to (2,19)
[miner4] I will create the goal to explore (10,12)
[miner] I am at (1,5) which is adjacent to (1,4)
[miner] I will create the goal to explore (2,16)
[miner2] I am at (9,3) which is adjacent to (9,2)
[miner2] I will create the goal to explore (4,3)
[miner2] I am at (5,3) which is adjacent to (4,3)
[miner2] I will create the goal to explore (0,5)
[miner4] I am at (10,13) which is adjacent to (10,12)
[miner4] I will create the goal to explore (14,2)
[miner2] I am at (0,4) which is adjacent to (0,5)
[miner] I am at (2,15) which is adjacent to (2,16)
[miner2] I will create the goal to explore (14,17)
[miner] I will create the goal to explore (14,11)
[miner3] I am at (16,17) which is adjacent to (16,18)
[miner3] I will create the goal to explore (8,12)
[miner4] I am at (14,3) which is adjacent to (14,2)
[miner4] I will create the goal to explore (2,11)
[miner3] I am at (8,13) which is adjacent to (8,12)
[miner] I am at (14,12) which is adjacent to (14,11)
[miner3] I will create the goal to explore (9,2)
[miner] I will create the goal to explore (17,5)
[miner] I am at (17,6) which is adjacent to (17,5)
[miner] I will create the goal to explore (11,15)
[miner2] I am at (14,16) which is adjacent to (14,17)
[miner2] I will create the goal to explore (13,19)
[miner3] I am at (9,3) which is adjacent to (9,2)
[miner3] I will create the goal to explore (4,13)
[miner2] I am at (13,18) which is adjacent to (13,19)
[miner2] I will create the goal to explore (6,0)
[miner4] I am at (2,10) which is adjacent to (2,11)
[miner4] I will create the goal to explore (1,15)
[miner4] I am at (1,14) which is adjacent to (1,15)
[miner4] I will create the goal to explore (15,1)
[miner] I am at (11,14) which is adjacent to (11,15)
[miner] I will create the goal to explore (7,0)
[miner3] I am at (4,12) which is adjacent to (4,13)
[miner3] I will create the goal to explore (14,5)
[miner2] I am at (6,1) which is adjacent to (6,0)
[miner2] I will create the goal to explore (12,18)
[miner] I am at (7,1) which is adjacent to (7,0)
[miner] I will create the goal to explore (16,7)
[miner3] I am at (13,6) which is adjacent to (14,5)
[miner3] I will create the goal to explore (18,7)
[miner4] I am at (15,2) which is adjacent to (15,1)
[miner4] I will create the goal to explore (3,16)
[miner3] I am at (17,7) which is adjacent to (18,7)
[miner3] I will create the goal to explore (15,15)
[miner] I am at (16,6) which is adjacent to (16,7)
[miner] I will create the goal to explore (0,7)
[miner3] I am at (15,14) which is adjacent to (15,15)
[miner3] I will create the goal to explore (1,15)
[miner2] I am at (12,17) which is adjacent to (12,18)
[miner2] I will create the goal to explore (17,12)
[miner] Gold perceived: gold(7,6)
[miner] Dropping near(_,_) desires and intentions to handle gold(7,6)
[miner] Handling gold(7,6) now.
[miner] I've reached 7x6
[miner] Successfully picked gold at (7,6)
[miner2] I am at (17,13) which is adjacent to (17,12)
[miner2] I will create the goal to explore (5,12)
[miner3] I am at (2,14) which is adjacent to (1,15)
[miner3] I will create the goal to explore (3,5)
[miner] I've reached 10x4
[miner] Successfully dropped gold
[miner4] I am at (3,15) which is adjacent to (3,16)
[miner4] I will create the goal to explore (1,17)
[WorldModel] Agent 1 carried a gold to depot!
[miner] Finish handling gold(7,6)
[miner] I will create the goal to explore (1,11)
[miner4] I am at (1,16) which is adjacent to (1,17)
[miner4] I will create the goal to explore (0,7)
[miner3] I am at (3,6) which is adjacent to (3,5)
[miner3] I will create the goal to explore (17,6)
[miner2] I am at (6,13) which is adjacent to (5,12)
[miner2] I will create the goal to explore (11,8)
[miner4] I am at (0,8) which is adjacent to (0,7)
[miner4] I will create the goal to explore (11,16)
[miner2] I am at (11,9) which is adjacent to (11,8)
[miner2] I will create the goal to explore (18,9)
[miner] I am at (2,10) which is adjacent to (1,11)
[miner] I will create the goal to explore (8,8)
[miner4] Gold perceived: gold(1,12)
[miner4] Dropping near(_,_) desires and intentions to handle gold(1,12)
[miner4] Handling gold(1,12) now.
[miner4] I've reached 1x12
[miner4] Successfully picked gold at (1,12)
[miner2] I am at (17,9) which is adjacent to (18,9)
[miner2] I will create the goal to explore (8,14)
[miner3] I am at (16,6) which is adjacent to (17,6)
[miner3] I will create the goal to explore (18,1)
[miner] I am at (8,9) which is adjacent to (8,8)
[miner] I will create the goal to explore (13,9)
[miner3] I am at (18,2) which is adjacent to (18,1)
[miner3] I will create the goal to explore (9,4)
[miner] I am at (12,9) which is adjacent to (13,9)
[miner] I will create the goal to explore (17,4)
[miner4] I've reached 0x0
[miner4] Dropping gold failed. Retrying to drop gold.
[miner2] I am at (8,13) which is adjacent to (8,14)
[miner2] I will create the goal to explore (4,13)
[miner3] I am at (9,3) which is adjacent to (9,4)
[miner3] I will create the goal to explore (12,13)
[miner2] I am at (5,13) which is adjacent to (4,13)
[miner2] I will create the goal to explore (1,2)
[miner] I am at (17,5) which is adjacent to (17,4)
[miner] I will create the goal to explore (14,8)
[miner4] I've reached 0x0
[miner] I am at (14,7) which is adjacent to (14,8)
[miner] I will create the goal to explore (9,11)
[miner4] failed to handle gold(1,12), it isn't in the BB anyway
[miner4] I will create the goal to explore (10,19)
[miner3] I am at (12,12) which is adjacent to (12,13)
[miner3] I will create the goal to explore (9,19)
[miner] I am at (9,10) which is adjacent to (9,11)
[miner] I will create the goal to explore (19,9)
[miner2] I am at (1,3) which is adjacent to (1,2)
[miner2] I will create the goal to explore (9,15)
[miner3] I am at (9,18) which is adjacent to (9,19)
[miner3] I will create the goal to explore (10,12)
[miner] I am at (18,10) which is adjacent to (19,9)
[miner] I will create the goal to explore (15,11)
[miner] I am at (16,10) which is adjacent to (15,11)
[miner] I will create the goal to explore (14,10)
[miner] I am at (15,10) which is adjacent to (14,10)
[miner] I will create the goal to explore (17,7)
[miner3] I am at (10,13) which is adjacent to (10,12)
[miner3] I will create the goal to explore (19,2)
[miner] I am at (17,8) which is adjacent to (17,7)
[miner] I will create the goal to explore (5,0)
[miner2] I am at (9,14) which is adjacent to (9,15)
[miner2] I will create the goal to explore (5,19)
[miner4] I am at (10,18) which is adjacent to (10,19)
[miner4] I will create the goal to explore (15,19)
[miner4] I am at (14,18) which is adjacent to (15,19)
[miner4] I will create the goal to explore (4,17)
[miner2] I am at (5,18) which is adjacent to (5,19)
[miner2] I will create the goal to explore (13,17)
[miner3] I am at (19,3) which is adjacent to (19,2)
[miner3] I will create the goal to explore (13,10)
[miner4] I am at (5,18) which is adjacent to (4,17)
[miner4] I will create the goal to explore (5,3)
[miner2] I am at (12,18) which is adjacent to (13,17)
[miner2] I will create the goal to explore (4,15)
[miner] I am at (5,1) which is adjacent to (5,0)
[miner] I will create the goal to explore (0,8)
[miner3] I am at (13,9) which is adjacent to (13,10)
[miner3] I will create the goal to explore (10,16)
[miner2] I am at (4,16) which is adjacent to (4,15)
[miner2] I will create the goal to explore (19,13)
[miner] I am at (0,7) which is adjacent to (0,8)
[miner] I will create the goal to explore (3,9)
[miner4] I am at (5,4) which is adjacent to (5,3)
[miner4] I will create the goal to explore (16,14)
[miner] Gold perceived: gold(2,9)
[miner] Dropping near(_,_) desires and intentions to handle gold(2,9)
[miner] Handling gold(2,9) now.
[miner] I've reached 2x9
[miner] Successfully picked gold at (2,9)
[miner3] I am at (10,15) which is adjacent to (10,16)
[miner3] I will create the goal to explore (0,14)
[miner] I've reached 2x14
[miner] Successfully dropped gold
[WorldModel] Agent 1 carried a gold to depot!
[miner] Finish handling gold(2,9)
[miner] I will create the goal to explore (15,7)
[miner2] I am at (19,14) which is adjacent to (19,13)
[miner2] I will create the goal to explore (3,10)
[miner3] I am at (1,15) which is adjacent to (0,14)
[miner3] I will create the goal to explore (2,3)
[miner4] I am at (16,13) which is adjacent to (16,14)
[miner4] I will create the goal to explore (19,2)
[miner3] I am at (2,4) which is adjacent to (2,3)
[miner3] I will create the goal to explore (9,7)
[miner4] I am at (19,3) which is adjacent to (19,2)
[miner4] I will create the goal to explore (19,5)
[miner] I am at (15,8) which is adjacent to (15,7)
[miner] I will create the goal to explore (16,18)
[miner4] I am at (19,4) which is adjacent to (19,5)
[miner4] I will create the goal to explore (4,11)
[miner3] I am at (9,6) which is adjacent to (9,7)
[miner3] I will create the goal to explore (16,17)
[miner2] I am at (4,11) which is adjacent to (3,10)
[miner2] I will create the goal to explore (16,17)
[miner] I am at (16,17) which is adjacent to (16,18)
[miner] I will create the goal to explore (15,8)
[miner] I am at (15,9) which is adjacent to (15,8)
[miner] I will create the goal to explore (1,0)
[miner3] I am at (16,16) which is adjacent to (16,17)
[miner3] I will create the goal to explore (16,10)
[miner2] I am at (15,16) which is adjacent to (16,17)
[miner2] I will create the goal to explore (15,15)
[miner2] I am at (15,16) which is adjacent to (15,15)
[miner2] I will create the goal to explore (10,3)
[miner4] I am at (4,10) which is adjacent to (4,11)
[miner4] I will create the goal to explore (7,1)
[miner3] I am at (16,11) which is adjacent to (16,10)
[miner3] I will create the goal to explore (13,14)
[miner3] I am at (13,13) which is adjacent to (13,14)
[miner3] I will create the goal to explore (3,8)
[miner4] I am at (7,2) which is adjacent to (7,1)
[miner4] I will create the goal to explore (5,6)
[miner4] I am at (5,5) which is adjacent to (5,6)
[miner4] I will create the goal to explore (4,2)
[miner2] I am at (10,4) which is adjacent to (10,3)
[miner2] I will create the goal to explore (5,15)
[miner] I am at (2,1) which is adjacent to (1,0)
[miner] I will create the goal to explore (12,8)
[miner4] I am at (4,3) which is adjacent to (4,2)
[miner4] I will create the goal to explore (17,9)
[miner3] I am at (3,9) which is adjacent to (3,8)
[miner3] I will create the goal to explore (9,18)
[miner2] I am at (6,14) which is adjacent to (5,15)
[miner2] I will create the goal to explore (14,11)
[miner] I am at (12,7) which is adjacent to (12,8)
[miner] I will create the goal to explore (10,6)
[miner] I am at (11,7) which is adjacent to (10,6)
[miner] I will create the goal to explore (14,18)
[miner4] I am at (17,8) which is adjacent to (17,9)
[miner4] I will create the goal to explore (0,13)
[miner3] I am at (9,17) which is adjacent to (9,18)
[miner3] I will create the goal to explore (18,16)
[miner2] I am at (14,12) which is adjacent to (14,11)
[miner2] I will create the goal to explore (15,7)
[miner] Gold perceived: gold(13,14)
[miner] Dropping near(_,_) desires and intentions to handle gold(13,14)
[miner] Handling gold(13,14) now.
[miner] I've reached 13x14
[miner] Successfully picked gold at (13,14)
[miner2] I am at (15,8) which is adjacent to (15,7)
[miner2] I will create the goal to explore (4,11)
[miner3] I am at (17,17) which is adjacent to (18,16)
[miner3] I will create the goal to explore (1,14)
[miner4] I am at (0,12) which is adjacent to (0,13)
[miner4] I will create the goal to explore (9,7)
[miner2] I am at (4,10) which is adjacent to (4,11)
[miner2] I will create the goal to explore (0,0)
[miner3] I am at (1,15) which is adjacent to (1,14)
[miner3] I will create the goal to explore (2,5)
[miner] I've reached 0x9
[miner] Successfully dropped gold
[WorldModel] Agent 1 carried a gold to depot!
[miner] Finish handling gold(13,14)
[miner] I will create the goal to explore (14,7)
[miner4] I am at (9,8) which is adjacent to (9,7)
[miner4] I will create the goal to explore (12,13)
[miner2] I am at (0,1) which is adjacent to (0,0)
[miner2] I will create the goal to explore (12,14)
[miner3] I am at (2,6) which is adjacent to (2,5)
[miner3] I will create the goal to explore (9,3)
[miner4] I am at (12,12) which is adjacent to (12,13)
[miner4] I will create the goal to explore (0,0)
[miner] Gold perceived: gold(13,7)
[miner] Dropping near(_,_) desires and intentions to handle gold(13,7)
[miner] Handling gold(13,7) now.
[miner] I've reached 13x7
[miner3] I am at (9,4) which is adjacent to (9,3)
[miner3] I will create the goal to explore (18,5)
[miner] Successfully picked gold at (13,7)
[miner3] I am at (17,4) which is adjacent to (18,5)
[miner3] I will create the goal to explore (2,0)
[miner2] I am at (12,13) which is adjacent to (12,14)
[miner] I've reached 0x9
[miner2] I will create the goal to explore (2,2)
[miner] Dropping gold failed. Retrying to drop gold.
[miner4] I am at (0,1) which is adjacent to (0,0)
[miner4] I will create the goal to explore (19,12)
